<?xml version="1.0" encoding="UTF-8"?>
<testng-results ignored="0" total="1" passed="1" failed="0" skipped="0">
  <reporter-output>
  </reporter-output>
  <suite started-at="2022-10-08T11:32:41 IST" name="Suite" finished-at="2022-10-08T11:33:13 IST" duration-ms="31899">
    <groups>
    </groups>
    <test started-at="2022-10-08T11:32:41 IST" name="Test" finished-at="2022-10-08T11:33:13 IST" duration-ms="31899">
      <class name="HealthGraph.Assignment">
        <test-method is-config="true" signature="launchApplication()[pri:0, instance:HealthGraph.Assignment@1de5f259]" started-at="2022-10-08T11:32:41 IST" name="launchApplication" finished-at="2022-10-08T11:32:45 IST" duration-ms="3864" status="PASS">
          <reporter-output>
          </reporter-output>
        </test-method> <!-- launchApplication -->
        <test-method signature="SetUP(java.lang.String,java.lang.String,java.lang.String)[pri:0, instance:HealthGraph.Assignment@1de5f259]" started-at="2022-10-08T11:32:45 IST" name="SetUP" finished-at="2022-10-08T11:33:12 IST" duration-ms="27770" status="PASS">
          <params>
            <param index="0">
              <value>
                <![CDATA[http://testfire.net/index.jsp]]>
              </value>
            </param>
            <param index="1">
              <value>
                <![CDATA[admin]]>
              </value>
            </param>
            <param index="2">
              <value>
                <![CDATA[admin]]>
              </value>
            </param>
          </params>
          <reporter-output>
          </reporter-output>
        </test-method> <!-- SetUP -->
        <test-method is-config="true" signature="closeBrowser()[pri:0, instance:HealthGraph.Assignment@1de5f259]" started-at="2022-10-08T11:33:12 IST" name="closeBrowser" finished-at="2022-10-08T11:33:13 IST" duration-ms="202" status="PASS">
          <reporter-output>
          </reporter-output>
        </test-method> <!-- closeBrowser -->
      </class> <!-- HealthGraph.Assignment -->
    </test> <!-- Test -->
  </suite> <!-- Suite -->
</testng-results>
